<?xml version="1.0" encoding="UTF-8"?>
<testsuite xmlns:xsi="http://www.w3.org/2001/XMLSchema-instance" xsi:noNamespaceSchemaLocation="https://maven.apache.org/surefire/maven-surefire-plugin/xsd/surefire-test-report-3.0.xsd" version="3.0" name="edu.yu.cs.com1320.project.stage3.impl.HashTableImplTest" time="0.012" tests="7" errors="0" skipped="0" failures="0">
  <properties>
[...]
</properties>
  <testcase name="testDeleteViaPutNull" classname="edu.yu.cs.com1320.project.stage3.impl.HashTableImplTest" time="0"/>
  <testcase name="testGet" classname="edu.yu.cs.com1320.project.stage3.impl.HashTableImplTest" time="0"/>
  <testcase name="testGetMiss" classname="edu.yu.cs.com1320.project.stage3.impl.HashTableImplTest" time="0"/>
  <testcase name="testPutReturnValue" classname="edu.yu.cs.com1320.project.stage3.impl.HashTableImplTest" time="0.001"/>
  <testcase name="testSeparateChaining" classname="edu.yu.cs.com1320.project.stage3.impl.HashTableImplTest" time="0.001"/>
  <testcase name="testGetChained" classname="edu.yu.cs.com1320.project.stage3.impl.HashTableImplTest" time="0"/>
  <testcase name="testGetChangedValue" classname="edu.yu.cs.com1320.project.stage3.impl.HashTableImplTest" time="0"/>
</testsuite>